Arguments: 
  C:\Program Files\nodejs\node.exe C:\Program Files\nodejs\node_modules\yarn\bin\yarn.js install

PATH: 
  C:\ProgramData\Oracle\Java\javapath;C:\Windows\system32;C:\Windows;C:\Windows\System32\Wbem;C:\Windows\System32\WindowsPowerShell\v1.0\;C:\ProgramData\chocolatey\bin;C:\tools\python2;F:\reactnative\gradle-2.4/bin;C:\Users\Administrator\AppData\Roaming\nvm;C:\Program Files\nodejs;C:\Program Files (x86)\vim\vim80;D:\Program Files\Git\cmd;C:\Program Files\TortoiseGit\bin;D:\Program Files\TortoiseSVN\bin;C:\Program Files\nodejs\;D:\downloads\cmder_full;C:\Program Files (x86)\Java\jdk1.8.0_101\bin;C:\Program Files (x86)\Java\jdk1.8.0_101\jre\bin;C:\Program Files\Git\bin;C:\Program Files\android\tools;C:\Program Files\android\platform-tools;C:\Users\Administrator\AppData\Roaming\nvm;C:\Program Files\nodejs;C:\Users\Administrator\.babun;C:\Users\Administrator\AppData\Roaming\npm

Yarn version: 
  0.21.3

Node version: 
  8.4.0

Platform: 
  win32 x64

npm manifest: 
  {
    "private": true,
    "name": "antd-admin",
    "version": "4.3.9",
    "dependencies": {
      "antd": "^3.5.1",
      "axios": "^0.18.0",
      "babel-polyfill": "^6.26.0",
      "classnames": "^2.2.5",
      "cross-env": "^5.0.5",
      "d3-shape": "^1.2.0",
      "draftjs-to-markdown": "^0.5.1",
      "dva": "^2.2.3",
      "dva-loading": "^2.0.0",
      "echarts": "^4.1.0",
      "echarts-for-react": "^2.0.8",
      "echarts-gl": "^1.1.1",
      "echarts-liquidfill": "^2.0.0",
      "ejs-loader": "^0.3.0",
      "highcharts-exporting": "^0.1.2",
      "highcharts-more": "^0.1.2",
      "history": "^4.7.2",
      "js-beautify": "^1.6.14",
      "jsonp": "^0.2.1",
      "less-vars-to-js": "^1.1.2",
      "lodash": "^4.17.4",
      "mockjs": "^1.0.1-beta3",
      "nprogress": "^0.2.0",
      "path-to-regexp": "^2.1.0",
      "prop-types": "^15.5.10",
      "qs": "^6.5.0",
      "query-string": "^5.1.1",
      "rc-tween-one": "^1.7.3",
      "react": "^16.3.2",
      "react-bmap": "^1.0.71",
      "react-countup": "^3.0.2",
      "react-dom": "^16.3.2",
      "react-draft-wysiwyg": "^1.12.13",
      "react-helmet": "^5.2.0",
      "react-highcharts": "^16.0.2",
      "recharts": "^1.0.0-beta.10"
    },
    "devDependencies": {
      "babel-eslint": "^8.1.0",
      "babel-plugin-dev-expression": "^0.2.1",
      "babel-plugin-dva-hmr": "^0.4.0",
      "babel-plugin-import": "^1.1.1",
      "babel-plugin-transform-runtime": "^6.9.0",
      "babel-runtime": "^6.9.2",
      "copy-webpack-plugin": "^4.0.1",
      "draftjs-to-html": "^0.8.1",
      "dva-model-extend": "^0.1.1",
      "eslint": "^4.1.1",
      "eslint-config-airbnb": "^16.1.0",
      "eslint-import-resolver-node": "^0.3.1",
      "eslint-loader": "^2.0.0",
      "eslint-plugin-import": "^2.6.1",
      "eslint-plugin-jsx-a11y": "^6.0.2",
      "eslint-plugin-react": "^7.1.0",
      "html-webpack-plugin": "^3.2.0",
      "redbox-react": "^1.2.10",
      "roadhog": "1.3.1"
    },
    "pre-commit": [
      "lint"
    ],
    "scripts": {
      "dev": "cross-env BROWSER=none HOST=0.0.0.0 roadhog server",
      "start": "roadhog buildDll && cross-env BROWSER=none HOST=0.0.0.0 roadhog server",
      "lint": "eslint --fix --ext .js src",
      "build": "roadhog build",
      "build:dll": "roadhog buildDll",
      "build:new": "node version && roadhog build"
    }
  }

yarn manifest: 
  No manifest

Lockfile: 
  No lockfile

Trace: 
  Error: http://registry.npm.taobao.org/@babel/helper-split-export-declaration/download/@babel/helper-split-export-declaration-7.0.0-beta.44.tgz: ENOSPC: no space left on device, open 'C:\Users\Administrator\AppData\Local\Yarn\cache\npm-@babel\helper-split-export-declaration-7.0.0-beta.44-c0b351735e0fbcb3822c8ad8db4e583b05ebd9dc\package.json'
